

Microchip Technology PIC LITE Macro Assembler V2.00 build -1524193055 
                                                                                               Mon Mar 16 09:00:27 2020

Microchip Technology Omniscient Code Generator v2.00 (Free mode) build 20180527130849
     1  0000                     
      + 0000                     
     2                           ; Version 2.00
     3                           ; Generated 27/05/2018 GMT
     4                           
     5                           ; 
     6                           ; Copyright © 2018, Microchip Technology Inc. and its subsidiaries ("Microchip")
     7                           ; All rights reserved.
     8                           ; 
     9                           ; This software is developed by Microchip Technology Inc. and its subsidiaries ("Microch
                                 ip").
    10                           ; 
    11                           ; Redistribution and use in source and binary forms, with or without modification, are
    12                           ; permitted provided that the following conditions are met:
    13                           ; 
    14                           ;     1. Redistributions of source code must retain the above copyright notice, this lis
                                 t of
    15                           ;        conditions and the following disclaimer.
    16                           ; 
    17                           ;     2. Redistributions in binary form must reproduce the above copyright notice, this 
                                 list
    18                           ;        of conditions and the following disclaimer in the documentation and/or other
    19                           ;        materials provided with the distribution.
    20                           ; 
    21                           ;     3. Microchip's name may not be used to endorse or promote products derived from th
                                 is
    22                           ;        software without specific prior written permission.
    23                           ; 
    24                           ; THIS SOFTWARE IS PROVIDED BY MICROCHIP "AS IS" AND ANY EXPRESS OR IMPLIED WARRANTIES,

    25                           ; INCLUDING, BUT NOT LIMITED TO, THE IMPLIED WARRANTIES OF MERCHANTABILITY AND FITNESS F
                                 OR
    26                           ; PURPOSE ARE DISCLAIMED.  IN NO EVENT SHALL MICROCHIP BE LIABLE FOR ANY DIRECT, INDIREC
                                 T,
    27                           ; INCIDENTAL, SPECIAL, EXEMPLARY, OR CONSEQUENTIAL DAMAGES (INCLUDING BUT NOT LIMITED TO
                                 
    28                           ; PROCUREMENT OF SUBSTITUTE GOODS OR SERVICES; LOSS OF USE, DATA OR PROFITS; OR BUSINESS
                                 
    29                           ; INTERRUPTION) HOWSOEVER CAUSED AND ON ANY THEORY OF LIABILITY, WHETHER IN CONTRACT, ST
                                 RICT
    30                           ; LIABILITY, OR TORT (INCLUDING NEGLIGENCE OR OTHERWISE) ARISING IN ANY WAY OUT OF THE U
                                 SE OF
    31                           ; THIS SOFTWARE, EVEN IF ADVISED OF THE POSSIBILITY OF SUCH DAMAGE.
    32                           ; 
    33                           
    34                           
    35                           ; 
    36                           ; Code-generator required, PIC16F887 Definitions
    37                           ; 
    38  0004                     fsr0 equ 04h
    39  0004                     indf equ 00h
    40  0000                     indf0 equ 00h
    41  0000                     pc equ 02h
    42  0002                     pcl equ 02h
    43  0002                     pclath equ 0Ah
    44  000A                     status equ 03h
    45  0003                     
     2                           opt pagewidth 120
     3  0000                     byte0	macro	val
     4                           	(getbyte(val,0))
     5                           endm
     6  0000                     byte1	macro	val
     7                           	(getbyte(val,1))
     8                           endm
     9  0000                     byte2	macro	val
    10                           	(getbyte(val,2))
    11                           endm
    12  0000                     byte3	macro	val
    13                           	(getbyte(val,3))
    14                           endm
    15  0000                     byte4	macro	val
    16                           	(getbyte(val,4))
    17                           endm
    18  0000                     byte5	macro	val
    19                           	(getbyte(val,5))
    20                           endm
    21  0000                     byte6	macro	val
    22                           	(getbyte(val,6))
    23                           endm
    24  0000                     byte7	macro	val
    25                           	(getbyte(val,7))
    26                           endm
    27  0000                     getword	macro	val,pos
    28                           	(((val) >> (8 * pos)) and 0xffff)
    29                           endm
    30  0000                     word0	macro	val
    31                           	(getword(val,0))
    32                           endm
    33  0000                     word1	macro	val
    34                           	(getword(val,2))
    35                           endm
    36  0000                     word2	macro	val
    37                           	(getword(val,4))
    38                           endm
    39  0000                     word3	macro	val
    40                           	(getword(val,6))
    41                           endm
    42  0000                     gettword	macro	val,pos
    43                           	(((val) >> (8 * pos)) and 0xffffff)
    44                           endm
    45  0000                     tword0	macro	val
    46                           	(gettword(val,0))
    47                           endm
    48  0000                     tword1	macro	val
    49                           	(gettword(val,3))
    50                           endm
    51  0000                     tword2	macro	val
    52                           	(gettword(val,6))
    53                           endm
    54  0000                     getdword	macro	val,pos
    55                           	(((val) >> (8 * pos)) and 0xffffffff)
    56                           endm
    57  0000                     dword0	macro	val
    58                           	(getdword(val,0))
    59                           endm
    60  0000                     dword1	macro	val
    61                           	(getdword(val,4))
    62                           endm
    63  0000                     clrc	macro
    64                           	bcf	3,0
    65                           	endm
    66  0000                     clrz	macro
    67                           	bcf	3,2
    68                           	endm
    69  0000                     setc	macro
    70                           	bsf	3,0
    71                           	endm
    72  0000                     setz	macro
    73                           	bsf	3,2
    74                           	endm
    75  0000                     skipc	macro
    76                           	btfss	3,0
    77                           	endm
    78  0000                     skipz	macro
    79                           	btfss	3,2
    80                           	endm
    81  0000                     skipnc	macro
    82                           	btfsc	3,0
    83                           	endm
    84  0000                     skipnz	macro
    85                           	btfsc	3,2
    86                           	endm
    87  0000                     # 54 "C:\Program Files (x86)\Microchip\xc8\v2.00\pic\include\pic16f887.h"
    88                           INDF equ 00h ;# 
    89  0000                     # 61 "C:\Program Files (x86)\Microchip\xc8\v2.00\pic\include\pic16f887.h"
    90                           TMR0 equ 01h ;# 
    91  0001                     # 68 "C:\Program Files (x86)\Microchip\xc8\v2.00\pic\include\pic16f887.h"
    92                           PCL equ 02h ;# 
    93  0002                     # 75 "C:\Program Files (x86)\Microchip\xc8\v2.00\pic\include\pic16f887.h"
    94                           STATUS equ 03h ;# 
    95  0003                     # 161 "C:\Program Files (x86)\Microchip\xc8\v2.00\pic\include\pic16f887.h"
    96                           FSR equ 04h ;# 
    97  0004                     # 168 "C:\Program Files (x86)\Microchip\xc8\v2.00\pic\include\pic16f887.h"
    98                           PORTA equ 05h ;# 
    99  0005                     # 230 "C:\Program Files (x86)\Microchip\xc8\v2.00\pic\include\pic16f887.h"
   100                           PORTB equ 06h ;# 
   101  0006                     # 292 "C:\Program Files (x86)\Microchip\xc8\v2.00\pic\include\pic16f887.h"
   102                           PORTC equ 07h ;# 
   103  0007                     # 354 "C:\Program Files (x86)\Microchip\xc8\v2.00\pic\include\pic16f887.h"
   104                           PORTD equ 08h ;# 
   105  0008                     # 416 "C:\Program Files (x86)\Microchip\xc8\v2.00\pic\include\pic16f887.h"
   106                           PORTE equ 09h ;# 
   107  0009                     # 454 "C:\Program Files (x86)\Microchip\xc8\v2.00\pic\include\pic16f887.h"
   108                           PCLATH equ 0Ah ;# 
   109  000A                     # 461 "C:\Program Files (x86)\Microchip\xc8\v2.00\pic\include\pic16f887.h"
   110                           INTCON equ 0Bh ;# 
   111  000B                     # 539 "C:\Program Files (x86)\Microchip\xc8\v2.00\pic\include\pic16f887.h"
   112                           PIR1 equ 0Ch ;# 
   113  000C                     # 595 "C:\Program Files (x86)\Microchip\xc8\v2.00\pic\include\pic16f887.h"
   114                           PIR2 equ 0Dh ;# 
   115  000D                     # 652 "C:\Program Files (x86)\Microchip\xc8\v2.00\pic\include\pic16f887.h"
   116                           TMR1 equ 0Eh ;# 
   117  000E                     # 659 "C:\Program Files (x86)\Microchip\xc8\v2.00\pic\include\pic16f887.h"
   118                           TMR1L equ 0Eh ;# 
   119  000E                     # 666 "C:\Program Files (x86)\Microchip\xc8\v2.00\pic\include\pic16f887.h"
   120                           TMR1H equ 0Fh ;# 
   121  000F                     # 673 "C:\Program Files (x86)\Microchip\xc8\v2.00\pic\include\pic16f887.h"
   122                           T1CON equ 010h ;# 
   123  0010                     # 767 "C:\Program Files (x86)\Microchip\xc8\v2.00\pic\include\pic16f887.h"
   124                           TMR2 equ 011h ;# 
   125  0011                     # 774 "C:\Program Files (x86)\Microchip\xc8\v2.00\pic\include\pic16f887.h"
   126                           T2CON equ 012h ;# 
   127  0012                     # 845 "C:\Program Files (x86)\Microchip\xc8\v2.00\pic\include\pic16f887.h"
   128                           SSPBUF equ 013h ;# 
   129  0013                     # 852 "C:\Program Files (x86)\Microchip\xc8\v2.00\pic\include\pic16f887.h"
   130                           SSPCON equ 014h ;# 
   131  0014                     # 922 "C:\Program Files (x86)\Microchip\xc8\v2.00\pic\include\pic16f887.h"
   132                           CCPR1 equ 015h ;# 
   133  0015                     # 929 "C:\Program Files (x86)\Microchip\xc8\v2.00\pic\include\pic16f887.h"
   134                           CCPR1L equ 015h ;# 
   135  0015                     # 936 "C:\Program Files (x86)\Microchip\xc8\v2.00\pic\include\pic16f887.h"
   136                           CCPR1H equ 016h ;# 
   137  0016                     # 943 "C:\Program Files (x86)\Microchip\xc8\v2.00\pic\include\pic16f887.h"
   138                           CCP1CON equ 017h ;# 
   139  0017                     # 1040 "C:\Program Files (x86)\Microchip\xc8\v2.00\pic\include\pic16f887.h"
   140                           RCSTA equ 018h ;# 
   141  0018                     # 1135 "C:\Program Files (x86)\Microchip\xc8\v2.00\pic\include\pic16f887.h"
   142                           TXREG equ 019h ;# 
   143  0019                     # 1142 "C:\Program Files (x86)\Microchip\xc8\v2.00\pic\include\pic16f887.h"
   144                           RCREG equ 01Ah ;# 
   145  001A                     # 1149 "C:\Program Files (x86)\Microchip\xc8\v2.00\pic\include\pic16f887.h"
   146                           CCPR2 equ 01Bh ;# 
   147  001B                     # 1156 "C:\Program Files (x86)\Microchip\xc8\v2.00\pic\include\pic16f887.h"
   148                           CCPR2L equ 01Bh ;# 
   149  001B                     # 1163 "C:\Program Files (x86)\Microchip\xc8\v2.00\pic\include\pic16f887.h"
   150                           CCPR2H equ 01Ch ;# 
   151  001C                     # 1170 "C:\Program Files (x86)\Microchip\xc8\v2.00\pic\include\pic16f887.h"
   152                           CCP2CON equ 01Dh ;# 
   153  001D                     # 1240 "C:\Program Files (x86)\Microchip\xc8\v2.00\pic\include\pic16f887.h"
   154                           ADRESH equ 01Eh ;# 
   155  001E                     # 1247 "C:\Program Files (x86)\Microchip\xc8\v2.00\pic\include\pic16f887.h"
   156                           ADCON0 equ 01Fh ;# 
   157  001F                     # 1348 "C:\Program Files (x86)\Microchip\xc8\v2.00\pic\include\pic16f887.h"
   158                           OPTION_REG equ 081h ;# 
   159  0081                     # 1418 "C:\Program Files (x86)\Microchip\xc8\v2.00\pic\include\pic16f887.h"
   160                           TRISA equ 085h ;# 
   161  0085                     # 1480 "C:\Program Files (x86)\Microchip\xc8\v2.00\pic\include\pic16f887.h"
   162                           TRISB equ 086h ;# 
   163  0086                     # 1542 "C:\Program Files (x86)\Microchip\xc8\v2.00\pic\include\pic16f887.h"
   164                           TRISC equ 087h ;# 
   165  0087                     # 1604 "C:\Program Files (x86)\Microchip\xc8\v2.00\pic\include\pic16f887.h"
   166                           TRISD equ 088h ;# 
   167  0088                     # 1666 "C:\Program Files (x86)\Microchip\xc8\v2.00\pic\include\pic16f887.h"
   168                           TRISE equ 089h ;# 
   169  0089                     # 1704 "C:\Program Files (x86)\Microchip\xc8\v2.00\pic\include\pic16f887.h"
   170                           PIE1 equ 08Ch ;# 
   171  008C                     # 1760 "C:\Program Files (x86)\Microchip\xc8\v2.00\pic\include\pic16f887.h"
   172                           PIE2 equ 08Dh ;# 
   173  008D                     # 1817 "C:\Program Files (x86)\Microchip\xc8\v2.00\pic\include\pic16f887.h"
   174                           PCON equ 08Eh ;# 
   175  008E                     # 1864 "C:\Program Files (x86)\Microchip\xc8\v2.00\pic\include\pic16f887.h"
   176                           OSCCON equ 08Fh ;# 
   177  008F                     # 1929 "C:\Program Files (x86)\Microchip\xc8\v2.00\pic\include\pic16f887.h"
   178                           OSCTUNE equ 090h ;# 
   179  0090                     # 1981 "C:\Program Files (x86)\Microchip\xc8\v2.00\pic\include\pic16f887.h"
   180                           SSPCON2 equ 091h ;# 
   181  0091                     # 2043 "C:\Program Files (x86)\Microchip\xc8\v2.00\pic\include\pic16f887.h"
   182                           PR2 equ 092h ;# 
   183  0092                     # 2050 "C:\Program Files (x86)\Microchip\xc8\v2.00\pic\include\pic16f887.h"
   184                           SSPADD equ 093h ;# 
   185  0093                     # 2057 "C:\Program Files (x86)\Microchip\xc8\v2.00\pic\include\pic16f887.h"
   186                           SSPMSK equ 093h ;# 
   187  0093                     # 2062 "C:\Program Files (x86)\Microchip\xc8\v2.00\pic\include\pic16f887.h"
   188                           MSK equ 093h ;# 
   189  0093                     # 2179 "C:\Program Files (x86)\Microchip\xc8\v2.00\pic\include\pic16f887.h"
   190                           SSPSTAT equ 094h ;# 
   191  0094                     # 2348 "C:\Program Files (x86)\Microchip\xc8\v2.00\pic\include\pic16f887.h"
   192                           WPUB equ 095h ;# 
   193  0095                     # 2418 "C:\Program Files (x86)\Microchip\xc8\v2.00\pic\include\pic16f887.h"
   194                           IOCB equ 096h ;# 
   195  0096                     # 2488 "C:\Program Files (x86)\Microchip\xc8\v2.00\pic\include\pic16f887.h"
   196                           VRCON equ 097h ;# 
   197  0097                     # 2558 "C:\Program Files (x86)\Microchip\xc8\v2.00\pic\include\pic16f887.h"
   198                           TXSTA equ 098h ;# 
   199  0098                     # 2644 "C:\Program Files (x86)\Microchip\xc8\v2.00\pic\include\pic16f887.h"
   200                           SPBRG equ 099h ;# 
   201  0099                     # 2706 "C:\Program Files (x86)\Microchip\xc8\v2.00\pic\include\pic16f887.h"
   202                           SPBRGH equ 09Ah ;# 
   203  009A                     # 2776 "C:\Program Files (x86)\Microchip\xc8\v2.00\pic\include\pic16f887.h"
   204                           PWM1CON equ 09Bh ;# 
   205  009B                     # 2846 "C:\Program Files (x86)\Microchip\xc8\v2.00\pic\include\pic16f887.h"
   206                           ECCPAS equ 09Ch ;# 
   207  009C                     # 2928 "C:\Program Files (x86)\Microchip\xc8\v2.00\pic\include\pic16f887.h"
   208                           PSTRCON equ 09Dh ;# 
   209  009D                     # 2972 "C:\Program Files (x86)\Microchip\xc8\v2.00\pic\include\pic16f887.h"
   210                           ADRESL equ 09Eh ;# 
   211  009E                     # 2979 "C:\Program Files (x86)\Microchip\xc8\v2.00\pic\include\pic16f887.h"
   212                           ADCON1 equ 09Fh ;# 
   213  009F                     # 3013 "C:\Program Files (x86)\Microchip\xc8\v2.00\pic\include\pic16f887.h"
   214                           WDTCON equ 0105h ;# 
   215  0105                     # 3066 "C:\Program Files (x86)\Microchip\xc8\v2.00\pic\include\pic16f887.h"
   216                           CM1CON0 equ 0107h ;# 
   217  0107                     # 3131 "C:\Program Files (x86)\Microchip\xc8\v2.00\pic\include\pic16f887.h"
   218                           CM2CON0 equ 0108h ;# 
   219  0108                     # 3196 "C:\Program Files (x86)\Microchip\xc8\v2.00\pic\include\pic16f887.h"
   220                           CM2CON1 equ 0109h ;# 
   221  0109                     # 3247 "C:\Program Files (x86)\Microchip\xc8\v2.00\pic\include\pic16f887.h"
   222                           EEDATA equ 010Ch ;# 
   223  010C                     # 3252 "C:\Program Files (x86)\Microchip\xc8\v2.00\pic\include\pic16f887.h"
   224                           EEDAT equ 010Ch ;# 
   225  010C                     # 3259 "C:\Program Files (x86)\Microchip\xc8\v2.00\pic\include\pic16f887.h"
   226                           EEADR equ 010Dh ;# 
   227  010D                     # 3266 "C:\Program Files (x86)\Microchip\xc8\v2.00\pic\include\pic16f887.h"
   228                           EEDATH equ 010Eh ;# 
   229  010E                     # 3273 "C:\Program Files (x86)\Microchip\xc8\v2.00\pic\include\pic16f887.h"
   230                           EEADRH equ 010Fh ;# 
   231  010F                     # 3280 "C:\Program Files (x86)\Microchip\xc8\v2.00\pic\include\pic16f887.h"
   232                           SRCON equ 0185h ;# 
   233  0185                     # 3337 "C:\Program Files (x86)\Microchip\xc8\v2.00\pic\include\pic16f887.h"
   234                           BAUDCTL equ 0187h ;# 
   235  0187                     # 3389 "C:\Program Files (x86)\Microchip\xc8\v2.00\pic\include\pic16f887.h"
   236                           ANSEL equ 0188h ;# 
   237  0188                     # 3451 "C:\Program Files (x86)\Microchip\xc8\v2.00\pic\include\pic16f887.h"
   238                           ANSELH equ 0189h ;# 
   239  0189                     # 3501 "C:\Program Files (x86)\Microchip\xc8\v2.00\pic\include\pic16f887.h"
   240                           EECON1 equ 018Ch ;# 
   241  018C                     # 3546 "C:\Program Files (x86)\Microchip\xc8\v2.00\pic\include\pic16f887.h"
   242                           EECON2 equ 018Dh ;# 
   243  018D                     # 54 "C:\Program Files (x86)\Microchip\xc8\v2.00\pic\include\pic16f887.h"
   244                           INDF equ 00h ;# 
   245  0000                     # 61 "C:\Program Files (x86)\Microchip\xc8\v2.00\pic\include\pic16f887.h"
   246                           TMR0 equ 01h ;# 
   247  0001                     # 68 "C:\Program Files (x86)\Microchip\xc8\v2.00\pic\include\pic16f887.h"
   248                           PCL equ 02h ;# 
   249  0002                     # 75 "C:\Program Files (x86)\Microchip\xc8\v2.00\pic\include\pic16f887.h"
   250                           STATUS equ 03h ;# 
   251  0003                     # 161 "C:\Program Files (x86)\Microchip\xc8\v2.00\pic\include\pic16f887.h"
   252                           FSR equ 04h ;# 
   253  0004                     # 168 "C:\Program Files (x86)\Microchip\xc8\v2.00\pic\include\pic16f887.h"
   254                           PORTA equ 05h ;# 
   255  0005                     # 230 "C:\Program Files (x86)\Microchip\xc8\v2.00\pic\include\pic16f887.h"
   256                           PORTB equ 06h ;# 
   257  0006                     # 292 "C:\Program Files (x86)\Microchip\xc8\v2.00\pic\include\pic16f887.h"
   258                           PORTC equ 07h ;# 
   259  0007                     # 354 "C:\Program Files (x86)\Microchip\xc8\v2.00\pic\include\pic16f887.h"
   260                           PORTD equ 08h ;# 
   261  0008                     # 416 "C:\Program Files (x86)\Microchip\xc8\v2.00\pic\include\pic16f887.h"
   262                           PORTE equ 09h ;# 
   263  0009                     # 454 "C:\Program Files (x86)\Microchip\xc8\v2.00\pic\include\pic16f887.h"
   264                           PCLATH equ 0Ah ;# 
   265  000A                     # 461 "C:\Program Files (x86)\Microchip\xc8\v2.00\pic\include\pic16f887.h"
   266                           INTCON equ 0Bh ;# 
   267  000B                     # 539 "C:\Program Files (x86)\Microchip\xc8\v2.00\pic\include\pic16f887.h"
   268                           PIR1 equ 0Ch ;# 
   269  000C                     # 595 "C:\Program Files (x86)\Microchip\xc8\v2.00\pic\include\pic16f887.h"
   270                           PIR2 equ 0Dh ;# 
   271  000D                     # 652 "C:\Program Files (x86)\Microchip\xc8\v2.00\pic\include\pic16f887.h"
   272                           TMR1 equ 0Eh ;# 
   273  000E                     # 659 "C:\Program Files (x86)\Microchip\xc8\v2.00\pic\include\pic16f887.h"
   274                           TMR1L equ 0Eh ;# 
   275  000E                     # 666 "C:\Program Files (x86)\Microchip\xc8\v2.00\pic\include\pic16f887.h"
   276                           TMR1H equ 0Fh ;# 
   277  000F                     # 673 "C:\Program Files (x86)\Microchip\xc8\v2.00\pic\include\pic16f887.h"
   278                           T1CON equ 010h ;# 
   279  0010                     # 767 "C:\Program Files (x86)\Microchip\xc8\v2.00\pic\include\pic16f887.h"
   280                           TMR2 equ 011h ;# 
   281  0011                     # 774 "C:\Program Files (x86)\Microchip\xc8\v2.00\pic\include\pic16f887.h"
   282                           T2CON equ 012h ;# 
   283  0012                     # 845 "C:\Program Files (x86)\Microchip\xc8\v2.00\pic\include\pic16f887.h"
   284                           SSPBUF equ 013h ;# 
   285  0013                     # 852 "C:\Program Files (x86)\Microchip\xc8\v2.00\pic\include\pic16f887.h"
   286                           SSPCON equ 014h ;# 
   287  0014                     # 922 "C:\Program Files (x86)\Microchip\xc8\v2.00\pic\include\pic16f887.h"
   288                           CCPR1 equ 015h ;# 
   289  0015                     # 929 "C:\Program Files (x86)\Microchip\xc8\v2.00\pic\include\pic16f887.h"
   290                           CCPR1L equ 015h ;# 
   291  0015                     # 936 "C:\Program Files (x86)\Microchip\xc8\v2.00\pic\include\pic16f887.h"
   292                           CCPR1H equ 016h ;# 
   293  0016                     # 943 "C:\Program Files (x86)\Microchip\xc8\v2.00\pic\include\pic16f887.h"
   294                           CCP1CON equ 017h ;# 
   295  0017                     # 1040 "C:\Program Files (x86)\Microchip\xc8\v2.00\pic\include\pic16f887.h"
   296                           RCSTA equ 018h ;# 
   297  0018                     # 1135 "C:\Program Files (x86)\Microchip\xc8\v2.00\pic\include\pic16f887.h"
   298                           TXREG equ 019h ;# 
   299  0019                     # 1142 "C:\Program Files (x86)\Microchip\xc8\v2.00\pic\include\pic16f887.h"
   300                           RCREG equ 01Ah ;# 
   301  001A                     # 1149 "C:\Program Files (x86)\Microchip\xc8\v2.00\pic\include\pic16f887.h"
   302                           CCPR2 equ 01Bh ;# 
   303  001B                     # 1156 "C:\Program Files (x86)\Microchip\xc8\v2.00\pic\include\pic16f887.h"
   304                           CCPR2L equ 01Bh ;# 
   305  001B                     # 1163 "C:\Program Files (x86)\Microchip\xc8\v2.00\pic\include\pic16f887.h"
   306                           CCPR2H equ 01Ch ;# 
   307  001C                     # 1170 "C:\Program Files (x86)\Microchip\xc8\v2.00\pic\include\pic16f887.h"
   308                           CCP2CON equ 01Dh ;# 
   309  001D                     # 1240 "C:\Program Files (x86)\Microchip\xc8\v2.00\pic\include\pic16f887.h"
   310                           ADRESH equ 01Eh ;# 
   311  001E                     # 1247 "C:\Program Files (x86)\Microchip\xc8\v2.00\pic\include\pic16f887.h"
   312                           ADCON0 equ 01Fh ;# 
   313  001F                     # 1348 "C:\Program Files (x86)\Microchip\xc8\v2.00\pic\include\pic16f887.h"
   314                           OPTION_REG equ 081h ;# 
   315  0081                     # 1418 "C:\Program Files (x86)\Microchip\xc8\v2.00\pic\include\pic16f887.h"
   316                           TRISA equ 085h ;# 
   317  0085                     # 1480 "C:\Program Files (x86)\Microchip\xc8\v2.00\pic\include\pic16f887.h"
   318                           TRISB equ 086h ;# 
   319  0086                     # 1542 "C:\Program Files (x86)\Microchip\xc8\v2.00\pic\include\pic16f887.h"
   320                           TRISC equ 087h ;# 
   321  0087                     # 1604 "C:\Program Files (x86)\Microchip\xc8\v2.00\pic\include\pic16f887.h"
   322                           TRISD equ 088h ;# 
   323  0088                     # 1666 "C:\Program Files (x86)\Microchip\xc8\v2.00\pic\include\pic16f887.h"
   324                           TRISE equ 089h ;# 
   325  0089                     # 1704 "C:\Program Files (x86)\Microchip\xc8\v2.00\pic\include\pic16f887.h"
   326                           PIE1 equ 08Ch ;# 
   327  008C                     # 1760 "C:\Program Files (x86)\Microchip\xc8\v2.00\pic\include\pic16f887.h"
   328                           PIE2 equ 08Dh ;# 
   329  008D                     # 1817 "C:\Program Files (x86)\Microchip\xc8\v2.00\pic\include\pic16f887.h"
   330                           PCON equ 08Eh ;# 
   331  008E                     # 1864 "C:\Program Files (x86)\Microchip\xc8\v2.00\pic\include\pic16f887.h"
   332                           OSCCON equ 08Fh ;# 
   333  008F                     # 1929 "C:\Program Files (x86)\Microchip\xc8\v2.00\pic\include\pic16f887.h"
   334                           OSCTUNE equ 090h ;# 
   335  0090                     # 1981 "C:\Program Files (x86)\Microchip\xc8\v2.00\pic\include\pic16f887.h"
   336                           SSPCON2 equ 091h ;# 
   337  0091                     # 2043 "C:\Program Files (x86)\Microchip\xc8\v2.00\pic\include\pic16f887.h"
   338                           PR2 equ 092h ;# 
   339  0092                     # 2050 "C:\Program Files (x86)\Microchip\xc8\v2.00\pic\include\pic16f887.h"
   340                           SSPADD equ 093h ;# 
   341  0093                     # 2057 "C:\Program Files (x86)\Microchip\xc8\v2.00\pic\include\pic16f887.h"
   342                           SSPMSK equ 093h ;# 
   343  0093                     # 2062 "C:\Program Files (x86)\Microchip\xc8\v2.00\pic\include\pic16f887.h"
   344                           MSK equ 093h ;# 
   345  0093                     # 2179 "C:\Program Files (x86)\Microchip\xc8\v2.00\pic\include\pic16f887.h"
   346                           SSPSTAT equ 094h ;# 
   347  0094                     # 2348 "C:\Program Files (x86)\Microchip\xc8\v2.00\pic\include\pic16f887.h"
   348                           WPUB equ 095h ;# 
   349  0095                     # 2418 "C:\Program Files (x86)\Microchip\xc8\v2.00\pic\include\pic16f887.h"
   350                           IOCB equ 096h ;# 
   351  0096                     # 2488 "C:\Program Files (x86)\Microchip\xc8\v2.00\pic\include\pic16f887.h"
   352                           VRCON equ 097h ;# 
   353  0097                     # 2558 "C:\Program Files (x86)\Microchip\xc8\v2.00\pic\include\pic16f887.h"
   354                           TXSTA equ 098h ;# 
   355  0098                     # 2644 "C:\Program Files (x86)\Microchip\xc8\v2.00\pic\include\pic16f887.h"
   356                           SPBRG equ 099h ;# 
   357  0099                     # 2706 "C:\Program Files (x86)\Microchip\xc8\v2.00\pic\include\pic16f887.h"
   358                           SPBRGH equ 09Ah ;# 
   359  009A                     # 2776 "C:\Program Files (x86)\Microchip\xc8\v2.00\pic\include\pic16f887.h"
   360                           PWM1CON equ 09Bh ;# 
   361  009B                     # 2846 "C:\Program Files (x86)\Microchip\xc8\v2.00\pic\include\pic16f887.h"
   362                           ECCPAS equ 09Ch ;# 
   363  009C                     # 2928 "C:\Program Files (x86)\Microchip\xc8\v2.00\pic\include\pic16f887.h"
   364                           PSTRCON equ 09Dh ;# 
   365  009D                     # 2972 "C:\Program Files (x86)\Microchip\xc8\v2.00\pic\include\pic16f887.h"
   366                           ADRESL equ 09Eh ;# 
   367  009E                     # 2979 "C:\Program Files (x86)\Microchip\xc8\v2.00\pic\include\pic16f887.h"
   368                           ADCON1 equ 09Fh ;# 
   369  009F                     # 3013 "C:\Program Files (x86)\Microchip\xc8\v2.00\pic\include\pic16f887.h"
   370                           WDTCON equ 0105h ;# 
   371  0105                     # 3066 "C:\Program Files (x86)\Microchip\xc8\v2.00\pic\include\pic16f887.h"
   372                           CM1CON0 equ 0107h ;# 
   373  0107                     # 3131 "C:\Program Files (x86)\Microchip\xc8\v2.00\pic\include\pic16f887.h"
   374                           CM2CON0 equ 0108h ;# 
   375  0108                     # 3196 "C:\Program Files (x86)\Microchip\xc8\v2.00\pic\include\pic16f887.h"
   376                           CM2CON1 equ 0109h ;# 
   377  0109                     # 3247 "C:\Program Files (x86)\Microchip\xc8\v2.00\pic\include\pic16f887.h"
   378                           EEDATA equ 010Ch ;# 
   379  010C                     # 3252 "C:\Program Files (x86)\Microchip\xc8\v2.00\pic\include\pic16f887.h"
   380                           EEDAT equ 010Ch ;# 
   381  010C                     # 3259 "C:\Program Files (x86)\Microchip\xc8\v2.00\pic\include\pic16f887.h"
   382                           EEADR equ 010Dh ;# 
   383  010D                     # 3266 "C:\Program Files (x86)\Microchip\xc8\v2.00\pic\include\pic16f887.h"
   384                           EEDATH equ 010Eh ;# 
   385  010E                     # 3273 "C:\Program Files (x86)\Microchip\xc8\v2.00\pic\include\pic16f887.h"
   386                           EEADRH equ 010Fh ;# 
   387  010F                     # 3280 "C:\Program Files (x86)\Microchip\xc8\v2.00\pic\include\pic16f887.h"
   388                           SRCON equ 0185h ;# 
   389  0185                     # 3337 "C:\Program Files (x86)\Microchip\xc8\v2.00\pic\include\pic16f887.h"
   390                           BAUDCTL equ 0187h ;# 
   391  0187                     # 3389 "C:\Program Files (x86)\Microchip\xc8\v2.00\pic\include\pic16f887.h"
   392                           ANSEL equ 0188h ;# 
   393  0188                     # 3451 "C:\Program Files (x86)\Microchip\xc8\v2.00\pic\include\pic16f887.h"
   394                           ANSELH equ 0189h ;# 
   395  0189                     # 3501 "C:\Program Files (x86)\Microchip\xc8\v2.00\pic\include\pic16f887.h"
   396                           EECON1 equ 018Ch ;# 
   397  018C                     # 3546 "C:\Program Files (x86)\Microchip\xc8\v2.00\pic\include\pic16f887.h"
   398                           EECON2 equ 018Dh ;# 
   399  018D                     # 54 "C:\Program Files (x86)\Microchip\xc8\v2.00\pic\include\pic16f887.h"
   400                           INDF equ 00h ;# 
   401  0000                     # 61 "C:\Program Files (x86)\Microchip\xc8\v2.00\pic\include\pic16f887.h"
   402                           TMR0 equ 01h ;# 
   403  0001                     # 68 "C:\Program Files (x86)\Microchip\xc8\v2.00\pic\include\pic16f887.h"
   404                           PCL equ 02h ;# 
   405  0002                     # 75 "C:\Program Files (x86)\Microchip\xc8\v2.00\pic\include\pic16f887.h"
   406                           STATUS equ 03h ;# 
   407  0003                     # 161 "C:\Program Files (x86)\Microchip\xc8\v2.00\pic\include\pic16f887.h"
   408                           FSR equ 04h ;# 
   409  0004                     # 168 "C:\Program Files (x86)\Microchip\xc8\v2.00\pic\include\pic16f887.h"
   410                           PORTA equ 05h ;# 
   411  0005                     # 230 "C:\Program Files (x86)\Microchip\xc8\v2.00\pic\include\pic16f887.h"
   412                           PORTB equ 06h ;# 
   413  0006                     # 292 "C:\Program Files (x86)\Microchip\xc8\v2.00\pic\include\pic16f887.h"
   414                           PORTC equ 07h ;# 
   415  0007                     # 354 "C:\Program Files (x86)\Microchip\xc8\v2.00\pic\include\pic16f887.h"
   416                           PORTD equ 08h ;# 
   417  0008                     # 416 "C:\Program Files (x86)\Microchip\xc8\v2.00\pic\include\pic16f887.h"
   418                           PORTE equ 09h ;# 
   419  0009                     # 454 "C:\Program Files (x86)\Microchip\xc8\v2.00\pic\include\pic16f887.h"
   420                           PCLATH equ 0Ah ;# 
   421  000A                     # 461 "C:\Program Files (x86)\Microchip\xc8\v2.00\pic\include\pic16f887.h"
   422                           INTCON equ 0Bh ;# 
   423  000B                     # 539 "C:\Program Files (x86)\Microchip\xc8\v2.00\pic\include\pic16f887.h"
   424                           PIR1 equ 0Ch ;# 
   425  000C                     # 595 "C:\Program Files (x86)\Microchip\xc8\v2.00\pic\include\pic16f887.h"
   426                           PIR2 equ 0Dh ;# 
   427  000D                     # 652 "C:\Program Files (x86)\Microchip\xc8\v2.00\pic\include\pic16f887.h"
   428                           TMR1 equ 0Eh ;# 
   429  000E                     # 659 "C:\Program Files (x86)\Microchip\xc8\v2.00\pic\include\pic16f887.h"
   430                           TMR1L equ 0Eh ;# 
   431  000E                     # 666 "C:\Program Files (x86)\Microchip\xc8\v2.00\pic\include\pic16f887.h"
   432                           TMR1H equ 0Fh ;# 
   433  000F                     # 673 "C:\Program Files (x86)\Microchip\xc8\v2.00\pic\include\pic16f887.h"
   434                           T1CON equ 010h ;# 
   435  0010                     # 767 "C:\Program Files (x86)\Microchip\xc8\v2.00\pic\include\pic16f887.h"
   436                           TMR2 equ 011h ;# 
   437  0011                     # 774 "C:\Program Files (x86)\Microchip\xc8\v2.00\pic\include\pic16f887.h"
   438                           T2CON equ 012h ;# 
   439  0012                     # 845 "C:\Program Files (x86)\Microchip\xc8\v2.00\pic\include\pic16f887.h"
   440                           SSPBUF equ 013h ;# 
   441  0013                     # 852 "C:\Program Files (x86)\Microchip\xc8\v2.00\pic\include\pic16f887.h"
   442                           SSPCON equ 014h ;# 
   443  0014                     # 922 "C:\Program Files (x86)\Microchip\xc8\v2.00\pic\include\pic16f887.h"
   444                           CCPR1 equ 015h ;# 
   445  0015                     # 929 "C:\Program Files (x86)\Microchip\xc8\v2.00\pic\include\pic16f887.h"
   446                           CCPR1L equ 015h ;# 
   447  0015                     # 936 "C:\Program Files (x86)\Microchip\xc8\v2.00\pic\include\pic16f887.h"
   448                           CCPR1H equ 016h ;# 
   449  0016                     # 943 "C:\Program Files (x86)\Microchip\xc8\v2.00\pic\include\pic16f887.h"
   450                           CCP1CON equ 017h ;# 
   451  0017                     # 1040 "C:\Program Files (x86)\Microchip\xc8\v2.00\pic\include\pic16f887.h"
   452                           RCSTA equ 018h ;# 
   453  0018                     # 1135 "C:\Program Files (x86)\Microchip\xc8\v2.00\pic\include\pic16f887.h"
   454                           TXREG equ 019h ;# 
   455  0019                     # 1142 "C:\Program Files (x86)\Microchip\xc8\v2.00\pic\include\pic16f887.h"
   456                           RCREG equ 01Ah ;# 
   457  001A                     # 1149 "C:\Program Files (x86)\Microchip\xc8\v2.00\pic\include\pic16f887.h"
   458                           CCPR2 equ 01Bh ;# 
   459  001B                     # 1156 "C:\Program Files (x86)\Microchip\xc8\v2.00\pic\include\pic16f887.h"
   460                           CCPR2L equ 01Bh ;# 
   461  001B                     # 1163 "C:\Program Files (x86)\Microchip\xc8\v2.00\pic\include\pic16f887.h"
   462                           CCPR2H equ 01Ch ;# 
   463  001C                     # 1170 "C:\Program Files (x86)\Microchip\xc8\v2.00\pic\include\pic16f887.h"
   464                           CCP2CON equ 01Dh ;# 
   465  001D                     # 1240 "C:\Program Files (x86)\Microchip\xc8\v2.00\pic\include\pic16f887.h"
   466                           ADRESH equ 01Eh ;# 
   467  001E                     # 1247 "C:\Program Files (x86)\Microchip\xc8\v2.00\pic\include\pic16f887.h"
   468                           ADCON0 equ 01Fh ;# 
   469  001F                     # 1348 "C:\Program Files (x86)\Microchip\xc8\v2.00\pic\include\pic16f887.h"
   470                           OPTION_REG equ 081h ;# 
   471  0081                     # 1418 "C:\Program Files (x86)\Microchip\xc8\v2.00\pic\include\pic16f887.h"
   472                           TRISA equ 085h ;# 
   473  0085                     # 1480 "C:\Program Files (x86)\Microchip\xc8\v2.00\pic\include\pic16f887.h"
   474                           TRISB equ 086h ;# 
   475  0086                     # 1542 "C:\Program Files (x86)\Microchip\xc8\v2.00\pic\include\pic16f887.h"
   476                           TRISC equ 087h ;# 
   477  0087                     # 1604 "C:\Program Files (x86)\Microchip\xc8\v2.00\pic\include\pic16f887.h"
   478                           TRISD equ 088h ;# 
   479  0088                     # 1666 "C:\Program Files (x86)\Microchip\xc8\v2.00\pic\include\pic16f887.h"
   480                           TRISE equ 089h ;# 
   481  0089                     # 1704 "C:\Program Files (x86)\Microchip\xc8\v2.00\pic\include\pic16f887.h"
   482                           PIE1 equ 08Ch ;# 
   483  008C                     # 1760 "C:\Program Files (x86)\Microchip\xc8\v2.00\pic\include\pic16f887.h"
   484                           PIE2 equ 08Dh ;# 
   485  008D                     # 1817 "C:\Program Files (x86)\Microchip\xc8\v2.00\pic\include\pic16f887.h"
   486                           PCON equ 08Eh ;# 
   487  008E                     # 1864 "C:\Program Files (x86)\Microchip\xc8\v2.00\pic\include\pic16f887.h"
   488                           OSCCON equ 08Fh ;# 
   489  008F                     # 1929 "C:\Program Files (x86)\Microchip\xc8\v2.00\pic\include\pic16f887.h"
   490                           OSCTUNE equ 090h ;# 
   491  0090                     # 1981 "C:\Program Files (x86)\Microchip\xc8\v2.00\pic\include\pic16f887.h"
   492                           SSPCON2 equ 091h ;# 
   493  0091                     # 2043 "C:\Program Files (x86)\Microchip\xc8\v2.00\pic\include\pic16f887.h"
   494                           PR2 equ 092h ;# 
   495  0092                     # 2050 "C:\Program Files (x86)\Microchip\xc8\v2.00\pic\include\pic16f887.h"
   496                           SSPADD equ 093h ;# 
   497  0093                     # 2057 "C:\Program Files (x86)\Microchip\xc8\v2.00\pic\include\pic16f887.h"
   498                           SSPMSK equ 093h ;# 
   499  0093                     # 2062 "C:\Program Files (x86)\Microchip\xc8\v2.00\pic\include\pic16f887.h"
   500                           MSK equ 093h ;# 
   501  0093                     # 2179 "C:\Program Files (x86)\Microchip\xc8\v2.00\pic\include\pic16f887.h"
   502                           SSPSTAT equ 094h ;# 
   503  0094                     # 2348 "C:\Program Files (x86)\Microchip\xc8\v2.00\pic\include\pic16f887.h"
   504                           WPUB equ 095h ;# 
   505  0095                     # 2418 "C:\Program Files (x86)\Microchip\xc8\v2.00\pic\include\pic16f887.h"
   506                           IOCB equ 096h ;# 
   507  0096                     # 2488 "C:\Program Files (x86)\Microchip\xc8\v2.00\pic\include\pic16f887.h"
   508                           VRCON equ 097h ;# 
   509  0097                     # 2558 "C:\Program Files (x86)\Microchip\xc8\v2.00\pic\include\pic16f887.h"
   510                           TXSTA equ 098h ;# 
   511  0098                     # 2644 "C:\Program Files (x86)\Microchip\xc8\v2.00\pic\include\pic16f887.h"
   512                           SPBRG equ 099h ;# 
   513  0099                     # 2706 "C:\Program Files (x86)\Microchip\xc8\v2.00\pic\include\pic16f887.h"
   514                           SPBRGH equ 09Ah ;# 
   515  009A                     # 2776 "C:\Program Files (x86)\Microchip\xc8\v2.00\pic\include\pic16f887.h"
   516                           PWM1CON equ 09Bh ;# 
   517  009B                     # 2846 "C:\Program Files (x86)\Microchip\xc8\v2.00\pic\include\pic16f887.h"
   518                           ECCPAS equ 09Ch ;# 
   519  009C                     # 2928 "C:\Program Files (x86)\Microchip\xc8\v2.00\pic\include\pic16f887.h"
   520                           PSTRCON equ 09Dh ;# 
   521  009D                     # 2972 "C:\Program Files (x86)\Microchip\xc8\v2.00\pic\include\pic16f887.h"
   522                           ADRESL equ 09Eh ;# 
   523  009E                     # 2979 "C:\Program Files (x86)\Microchip\xc8\v2.00\pic\include\pic16f887.h"
   524                           ADCON1 equ 09Fh ;# 
   525  009F                     # 3013 "C:\Program Files (x86)\Microchip\xc8\v2.00\pic\include\pic16f887.h"
   526                           WDTCON equ 0105h ;# 
   527  0105                     # 3066 "C:\Program Files (x86)\Microchip\xc8\v2.00\pic\include\pic16f887.h"
   528                           CM1CON0 equ 0107h ;# 
   529  0107                     # 3131 "C:\Program Files (x86)\Microchip\xc8\v2.00\pic\include\pic16f887.h"
   530                           CM2CON0 equ 0108h ;# 
   531  0108                     # 3196 "C:\Program Files (x86)\Microchip\xc8\v2.00\pic\include\pic16f887.h"
   532                           CM2CON1 equ 0109h ;# 
   533  0109                     # 3247 "C:\Program Files (x86)\Microchip\xc8\v2.00\pic\include\pic16f887.h"
   534                           EEDATA equ 010Ch ;# 
   535  010C                     # 3252 "C:\Program Files (x86)\Microchip\xc8\v2.00\pic\include\pic16f887.h"
   536                           EEDAT equ 010Ch ;# 
   537  010C                     # 3259 "C:\Program Files (x86)\Microchip\xc8\v2.00\pic\include\pic16f887.h"
   538                           EEADR equ 010Dh ;# 
   539  010D                     # 3266 "C:\Program Files (x86)\Microchip\xc8\v2.00\pic\include\pic16f887.h"
   540                           EEDATH equ 010Eh ;# 
   541  010E                     # 3273 "C:\Program Files (x86)\Microchip\xc8\v2.00\pic\include\pic16f887.h"
   542                           EEADRH equ 010Fh ;# 
   543  010F                     # 3280 "C:\Program Files (x86)\Microchip\xc8\v2.00\pic\include\pic16f887.h"
   544                           SRCON equ 0185h ;# 
   545  0185                     # 3337 "C:\Program Files (x86)\Microchip\xc8\v2.00\pic\include\pic16f887.h"
   546                           BAUDCTL equ 0187h ;# 
   547  0187                     # 3389 "C:\Program Files (x86)\Microchip\xc8\v2.00\pic\include\pic16f887.h"
   548                           ANSEL equ 0188h ;# 
   549  0188                     # 3451 "C:\Program Files (x86)\Microchip\xc8\v2.00\pic\include\pic16f887.h"
   550                           ANSELH equ 0189h ;# 
   551  0189                     # 3501 "C:\Program Files (x86)\Microchip\xc8\v2.00\pic\include\pic16f887.h"
   552                           EECON1 equ 018Ch ;# 
   553  018C                     # 3546 "C:\Program Files (x86)\Microchip\xc8\v2.00\pic\include\pic16f887.h"
   554                           EECON2 equ 018Dh ;# 
   555  018D                     # 54 "C:\Program Files (x86)\Microchip\xc8\v2.00\pic\include\pic16f887.h"
   556                           INDF equ 00h ;# 
   557  0000                     # 61 "C:\Program Files (x86)\Microchip\xc8\v2.00\pic\include\pic16f887.h"
   558                           TMR0 equ 01h ;# 
   559  0001                     # 68 "C:\Program Files (x86)\Microchip\xc8\v2.00\pic\include\pic16f887.h"
   560                           PCL equ 02h ;# 
   561  0002                     # 75 "C:\Program Files (x86)\Microchip\xc8\v2.00\pic\include\pic16f887.h"
   562                           STATUS equ 03h ;# 
   563  0003                     # 161 "C:\Program Files (x86)\Microchip\xc8\v2.00\pic\include\pic16f887.h"
   564                           FSR equ 04h ;# 
   565  0004                     # 168 "C:\Program Files (x86)\Microchip\xc8\v2.00\pic\include\pic16f887.h"
   566                           PORTA equ 05h ;# 
   567  0005                     # 230 "C:\Program Files (x86)\Microchip\xc8\v2.00\pic\include\pic16f887.h"
   568                           PORTB equ 06h ;# 
   569  0006                     # 292 "C:\Program Files (x86)\Microchip\xc8\v2.00\pic\include\pic16f887.h"
   570                           PORTC equ 07h ;# 
   571  0007                     # 354 "C:\Program Files (x86)\Microchip\xc8\v2.00\pic\include\pic16f887.h"
   572                           PORTD equ 08h ;# 
   573  0008                     # 416 "C:\Program Files (x86)\Microchip\xc8\v2.00\pic\include\pic16f887.h"
   574                           PORTE equ 09h ;# 
   575  0009                     # 454 "C:\Program Files (x86)\Microchip\xc8\v2.00\pic\include\pic16f887.h"
   576                           PCLATH equ 0Ah ;# 
   577  000A                     # 461 "C:\Program Files (x86)\Microchip\xc8\v2.00\pic\include\pic16f887.h"
   578                           INTCON equ 0Bh ;# 
   579  000B                     # 539 "C:\Program Files (x86)\Microchip\xc8\v2.00\pic\include\pic16f887.h"
   580                           PIR1 equ 0Ch ;# 
   581  000C                     # 595 "C:\Program Files (x86)\Microchip\xc8\v2.00\pic\include\pic16f887.h"
   582                           PIR2 equ 0Dh ;# 
   583  000D                     # 652 "C:\Program Files (x86)\Microchip\xc8\v2.00\pic\include\pic16f887.h"
   584                           TMR1 equ 0Eh ;# 
   585  000E                     # 659 "C:\Program Files (x86)\Microchip\xc8\v2.00\pic\include\pic16f887.h"
   586                           TMR1L equ 0Eh ;# 
   587  000E                     # 666 "C:\Program Files (x86)\Microchip\xc8\v2.00\pic\include\pic16f887.h"
   588                           TMR1H equ 0Fh ;# 
   589  000F                     # 673 "C:\Program Files (x86)\Microchip\xc8\v2.00\pic\include\pic16f887.h"
   590                           T1CON equ 010h ;# 
   591  0010                     # 767 "C:\Program Files (x86)\Microchip\xc8\v2.00\pic\include\pic16f887.h"
   592                           TMR2 equ 011h ;# 
   593  0011                     # 774 "C:\Program Files (x86)\Microchip\xc8\v2.00\pic\include\pic16f887.h"
   594                           T2CON equ 012h ;# 
   595  0012                     # 845 "C:\Program Files (x86)\Microchip\xc8\v2.00\pic\include\pic16f887.h"
   596                           SSPBUF equ 013h ;# 
   597  0013                     # 852 "C:\Program Files (x86)\Microchip\xc8\v2.00\pic\include\pic16f887.h"
   598                           SSPCON equ 014h ;# 
   599  0014                     # 922 "C:\Program Files (x86)\Microchip\xc8\v2.00\pic\include\pic16f887.h"
   600                           CCPR1 equ 015h ;# 
   601  0015                     # 929 "C:\Program Files (x86)\Microchip\xc8\v2.00\pic\include\pic16f887.h"
   602                           CCPR1L equ 015h ;# 
   603  0015                     # 936 "C:\Program Files (x86)\Microchip\xc8\v2.00\pic\include\pic16f887.h"
   604                           CCPR1H equ 016h ;# 
   605  0016                     # 943 "C:\Program Files (x86)\Microchip\xc8\v2.00\pic\include\pic16f887.h"
   606                           CCP1CON equ 017h ;# 
   607  0017                     # 1040 "C:\Program Files (x86)\Microchip\xc8\v2.00\pic\include\pic16f887.h"
   608                           RCSTA equ 018h ;# 
   609  0018                     # 1135 "C:\Program Files (x86)\Microchip\xc8\v2.00\pic\include\pic16f887.h"
   610                           TXREG equ 019h ;# 
   611  0019                     # 1142 "C:\Program Files (x86)\Microchip\xc8\v2.00\pic\include\pic16f887.h"
   612                           RCREG equ 01Ah ;# 
   613  001A                     # 1149 "C:\Program Files (x86)\Microchip\xc8\v2.00\pic\include\pic16f887.h"
   614                           CCPR2 equ 01Bh ;# 
   615  001B                     # 1156 "C:\Program Files (x86)\Microchip\xc8\v2.00\pic\include\pic16f887.h"
   616                           CCPR2L equ 01Bh ;# 
   617  001B                     # 1163 "C:\Program Files (x86)\Microchip\xc8\v2.00\pic\include\pic16f887.h"
   618                           CCPR2H equ 01Ch ;# 
   619  001C                     # 1170 "C:\Program Files (x86)\Microchip\xc8\v2.00\pic\include\pic16f887.h"
   620                           CCP2CON equ 01Dh ;# 
   621  001D                     # 1240 "C:\Program Files (x86)\Microchip\xc8\v2.00\pic\include\pic16f887.h"
   622                           ADRESH equ 01Eh ;# 
   623  001E                     # 1247 "C:\Program Files (x86)\Microchip\xc8\v2.00\pic\include\pic16f887.h"
   624                           ADCON0 equ 01Fh ;# 
   625  001F                     # 1348 "C:\Program Files (x86)\Microchip\xc8\v2.00\pic\include\pic16f887.h"
   626                           OPTION_REG equ 081h ;# 
   627  0081                     # 1418 "C:\Program Files (x86)\Microchip\xc8\v2.00\pic\include\pic16f887.h"
   628                           TRISA equ 085h ;# 
   629  0085                     # 1480 "C:\Program Files (x86)\Microchip\xc8\v2.00\pic\include\pic16f887.h"
   630                           TRISB equ 086h ;# 
   631  0086                     # 1542 "C:\Program Files (x86)\Microchip\xc8\v2.00\pic\include\pic16f887.h"
   632                           TRISC equ 087h ;# 
   633  0087                     # 1604 "C:\Program Files (x86)\Microchip\xc8\v2.00\pic\include\pic16f887.h"
   634                           TRISD equ 088h ;# 
   635  0088                     # 1666 "C:\Program Files (x86)\Microchip\xc8\v2.00\pic\include\pic16f887.h"
   636                           TRISE equ 089h ;# 
   637  0089                     # 1704 "C:\Program Files (x86)\Microchip\xc8\v2.00\pic\include\pic16f887.h"
   638                           PIE1 equ 08Ch ;# 
   639  008C                     # 1760 "C:\Program Files (x86)\Microchip\xc8\v2.00\pic\include\pic16f887.h"
   640                           PIE2 equ 08Dh ;# 
   641  008D                     # 1817 "C:\Program Files (x86)\Microchip\xc8\v2.00\pic\include\pic16f887.h"
   642                           PCON equ 08Eh ;# 
   643  008E                     # 1864 "C:\Program Files (x86)\Microchip\xc8\v2.00\pic\include\pic16f887.h"
   644                           OSCCON equ 08Fh ;# 
   645  008F                     # 1929 "C:\Program Files (x86)\Microchip\xc8\v2.00\pic\include\pic16f887.h"
   646                           OSCTUNE equ 090h ;# 
   647  0090                     # 1981 "C:\Program Files (x86)\Microchip\xc8\v2.00\pic\include\pic16f887.h"
   648                           SSPCON2 equ 091h ;# 
   649  0091                     # 2043 "C:\Program Files (x86)\Microchip\xc8\v2.00\pic\include\pic16f887.h"
   650                           PR2 equ 092h ;# 
   651  0092                     # 2050 "C:\Program Files (x86)\Microchip\xc8\v2.00\pic\include\pic16f887.h"
   652                           SSPADD equ 093h ;# 
   653  0093                     # 2057 "C:\Program Files (x86)\Microchip\xc8\v2.00\pic\include\pic16f887.h"
   654                           SSPMSK equ 093h ;# 
   655  0093                     # 2062 "C:\Program Files (x86)\Microchip\xc8\v2.00\pic\include\pic16f887.h"
   656                           MSK equ 093h ;# 
   657  0093                     # 2179 "C:\Program Files (x86)\Microchip\xc8\v2.00\pic\include\pic16f887.h"
   658                           SSPSTAT equ 094h ;# 
   659  0094                     # 2348 "C:\Program Files (x86)\Microchip\xc8\v2.00\pic\include\pic16f887.h"
   660                           WPUB equ 095h ;# 
   661  0095                     # 2418 "C:\Program Files (x86)\Microchip\xc8\v2.00\pic\include\pic16f887.h"
   662                           IOCB equ 096h ;# 
   663  0096                     # 2488 "C:\Program Files (x86)\Microchip\xc8\v2.00\pic\include\pic16f887.h"
   664                           VRCON equ 097h ;# 
   665  0097                     # 2558 "C:\Program Files (x86)\Microchip\xc8\v2.00\pic\include\pic16f887.h"
   666                           TXSTA equ 098h ;# 
   667  0098                     # 2644 "C:\Program Files (x86)\Microchip\xc8\v2.00\pic\include\pic16f887.h"
   668                           SPBRG equ 099h ;# 
   669  0099                     # 2706 "C:\Program Files (x86)\Microchip\xc8\v2.00\pic\include\pic16f887.h"
   670                           SPBRGH equ 09Ah ;# 
   671  009A                     # 2776 "C:\Program Files (x86)\Microchip\xc8\v2.00\pic\include\pic16f887.h"
   672                           PWM1CON equ 09Bh ;# 
   673  009B                     # 2846 "C:\Program Files (x86)\Microchip\xc8\v2.00\pic\include\pic16f887.h"
   674                           ECCPAS equ 09Ch ;# 
   675  009C                     # 2928 "C:\Program Files (x86)\Microchip\xc8\v2.00\pic\include\pic16f887.h"
   676                           PSTRCON equ 09Dh ;# 
   677  009D                     # 2972 "C:\Program Files (x86)\Microchip\xc8\v2.00\pic\include\pic16f887.h"
   678                           ADRESL equ 09Eh ;# 
   679  009E                     # 2979 "C:\Program Files (x86)\Microchip\xc8\v2.00\pic\include\pic16f887.h"
   680                           ADCON1 equ 09Fh ;# 
   681  009F                     # 3013 "C:\Program Files (x86)\Microchip\xc8\v2.00\pic\include\pic16f887.h"
   682                           WDTCON equ 0105h ;# 
   683  0105                     # 3066 "C:\Program Files (x86)\Microchip\xc8\v2.00\pic\include\pic16f887.h"
   684                           CM1CON0 equ 0107h ;# 
   685  0107                     # 3131 "C:\Program Files (x86)\Microchip\xc8\v2.00\pic\include\pic16f887.h"
   686                           CM2CON0 equ 0108h ;# 
   687  0108                     # 3196 "C:\Program Files (x86)\Microchip\xc8\v2.00\pic\include\pic16f887.h"
   688                           CM2CON1 equ 0109h ;# 
   689  0109                     # 3247 "C:\Program Files (x86)\Microchip\xc8\v2.00\pic\include\pic16f887.h"
   690                           EEDATA equ 010Ch ;# 
   691  010C                     # 3252 "C:\Program Files (x86)\Microchip\xc8\v2.00\pic\include\pic16f887.h"
   692                           EEDAT equ 010Ch ;# 
   693  010C                     # 3259 "C:\Program Files (x86)\Microchip\xc8\v2.00\pic\include\pic16f887.h"
   694                           EEADR equ 010Dh ;# 
   695  010D                     # 3266 "C:\Program Files (x86)\Microchip\xc8\v2.00\pic\include\pic16f887.h"
   696                           EEDATH equ 010Eh ;# 
   697  010E                     # 3273 "C:\Program Files (x86)\Microchip\xc8\v2.00\pic\include\pic16f887.h"
   698                           EEADRH equ 010Fh ;# 
   699  010F                     # 3280 "C:\Program Files (x86)\Microchip\xc8\v2.00\pic\include\pic16f887.h"
   700                           SRCON equ 0185h ;# 
   701  0185                     # 3337 "C:\Program Files (x86)\Microchip\xc8\v2.00\pic\include\pic16f887.h"
   702                           BAUDCTL equ 0187h ;# 
   703  0187                     # 3389 "C:\Program Files (x86)\Microchip\xc8\v2.00\pic\include\pic16f887.h"
   704                           ANSEL equ 0188h ;# 
   705  0188                     # 3451 "C:\Program Files (x86)\Microchip\xc8\v2.00\pic\include\pic16f887.h"
   706                           ANSELH equ 0189h ;# 
   707  0189                     # 3501 "C:\Program Files (x86)\Microchip\xc8\v2.00\pic\include\pic16f887.h"
   708                           EECON1 equ 018Ch ;# 
   709  018C                     # 3546 "C:\Program Files (x86)\Microchip\xc8\v2.00\pic\include\pic16f887.h"
   710                           EECON2 equ 018Dh ;# 
   711  018D                     	FNCALL	_main,_delay
   712                           	FNCALL	_main,_desligarLED
   713                           	FNCALL	_main,_initLED
   714                           	FNCALL	_main,_ligarLED
   715                           	FNROOT	_main
   716                           	global	_PORTDbits
   717                           _PORTDbits	set	0x8
   718  0008                     	global	_TRISDbits
   719                           _TRISDbits	set	0x88
   720  0088                     ; #config settings
   721                           global __CFG_FOSC$INTRC_NOCLKOUT
   722                           __CFG_FOSC$INTRC_NOCLKOUT equ 0x0
   723  0000                     global __CFG_WDTE$OFF
   724                           __CFG_WDTE$OFF equ 0x0
   725  0000                     global __CFG_MCLRE$OFF
   726                           __CFG_MCLRE$OFF equ 0x0
   727  0000                     global __CFG_LVP$OFF
   728                           __CFG_LVP$OFF equ 0x0
   729  0000                     	file	"C:\Users\19180037\AppData\Local\Temp\s3ac."
   730                           	line	#
   731                           psect cinit,class=CODE,delta=2
   732                           global start_initialization
   733                           start_initialization:
   734  07FC                     
   735                           global __initialization
   736                           __initialization:
   737  07FC                     psect cinit,class=CODE,delta=2,merge=1
   738                           global end_of_initialization,__end_of__initialization
   739                           
   740                           ;End of C runtime variable initialization code
   741                           
   742                           end_of_initialization:
   743  07FC                     __end_of__initialization:
   744  07FC                     clrf status
   745  07FC  0183               ljmp _main	;jump to C main() function
   746  07FD  120A  118A  2FD6   psect	cstackCOMMON,class=COMMON,space=1,noexec
   747                           global __pcstackCOMMON
   748                           __pcstackCOMMON:
   749  0070                     ?_initLED:	; 1 bytes @ 0x0
   750  0070                     ??_initLED:	; 1 bytes @ 0x0
   751  0070                     ?_ligarLED:	; 1 bytes @ 0x0
   752  0070                     ??_ligarLED:	; 1 bytes @ 0x0
   753  0070                     ?_delay:	; 1 bytes @ 0x0
   754  0070                     ?_desligarLED:	; 1 bytes @ 0x0
   755  0070                     ??_desligarLED:	; 1 bytes @ 0x0
   756  0070                     ?_main:	; 2 bytes @ 0x0
   757  0070                     	global	delay@t
   758                           delay@t:	; 2 bytes @ 0x0
   759  0070                     	ds	2
   760  0070                     ??_delay:	; 1 bytes @ 0x2
   761  0072                     	ds	1
   762  0072                     ??_main:	; 1 bytes @ 0x3
   763  0073                     ;!
   764                           ;!Data Sizes:
   765                           ;!    Strings     0
   766                           ;!    Constant    0
   767                           ;!    Data        0
   768                           ;!    BSS         0
   769                           ;!    Persistent  0
   770                           ;!    Stack       0
   771                           ;!
   772                           ;!Auto Spaces:
   773                           ;!    Space          Size  Autos    Used
   774                           ;!    COMMON           14      3       3
   775                           ;!    BANK0            80      0       0
   776                           ;!    BANK1            80      0       0
   777                           ;!    BANK3            96      0       0
   778                           ;!    BANK2            96      0       0
   779                           
   780                           ;!
   781                           ;!Pointer List with Targets:
   782                           ;!
   783                           ;!    None.
   784                           
   785                           
   786                           ;!
   787                           ;!Critical Paths under _main in COMMON
   788                           ;!
   789                           ;!    _main->_delay
   790                           ;!
   791                           ;!Critical Paths under _main in BANK0
   792                           ;!
   793                           ;!    None.
   794                           ;!
   795                           ;!Critical Paths under _main in BANK1
   796                           ;!
   797                           ;!    None.
   798                           ;!
   799                           ;!Critical Paths under _main in BANK3
   800                           ;!
   801                           ;!    None.
   802                           ;!
   803                           ;!Critical Paths under _main in BANK2
   804                           ;!
   805                           ;!    None.
   806                           
   807 ;;
   808 ;;Main: autosize = 0, tempsize = 0, incstack = 0, save=0
   809 ;;
   810                           
   811                           ;!
   812                           ;!Call Graph Tables:
   813                           ;!
   814                           ;! ---------------------------------------------------------------------------------
   815                           ;! (Depth) Function   	        Calls       Base Space   Used Autos Params    Refs
   816                           ;! ---------------------------------------------------------------------------------
   817                           ;! (0) _main                                                 0     0      0     175
   818                           ;!                              _delay
   819                           ;!                        _desligarLED
   820                           ;!                            _initLED
   821                           ;!                           _ligarLED
   822                           ;! ---------------------------------------------------------------------------------
   823                           ;! (1) _ligarLED                                             0     0      0       0
   824                           ;! ---------------------------------------------------------------------------------
   825                           ;! (1) _initLED                                              0     0      0       0
   826                           ;! ---------------------------------------------------------------------------------
   827                           ;! (1) _desligarLED                                          0     0      0       0
   828                           ;! ---------------------------------------------------------------------------------
   829                           ;! (1) _delay                                                3     1      2     175
   830                           ;!                                              0 COMMON     3     1      2
   831                           ;! ---------------------------------------------------------------------------------
   832                           ;! Estimated maximum stack depth 1
   833                           ;! ---------------------------------------------------------------------------------
   834                           ;!
   835                           ;! Call Graph Graphs:
   836                           ;!
   837                           ;! _main (ROOT)
   838                           ;!   _delay
   839                           ;!   _desligarLED
   840                           ;!   _initLED
   841                           ;!   _ligarLED
   842                           ;!
   843                           
   844                           ;! Address spaces:
   845                           
   846                           ;!Name               Size   Autos  Total    Cost      Usage
   847                           ;!BITCOMMON            E      0       0       0        0.0%
   848                           ;!EEDATA             100      0       0       0        0.0%
   849                           ;!NULL                 0      0       0       0        0.0%
   850                           ;!CODE                 0      0       0       0        0.0%
   851                           ;!COMMON               E      3       3       1       21.4%
   852                           ;!BITSFR0              0      0       0       1        0.0%
   853                           ;!SFR0                 0      0       0       1        0.0%
   854                           ;!BITSFR1              0      0       0       2        0.0%
   855                           ;!SFR1                 0      0       0       2        0.0%
   856                           ;!STACK                0      0       0       2        0.0%
   857                           ;!ABS                  0      0       0       3        0.0%
   858                           ;!BITBANK0            50      0       0       4        0.0%
   859                           ;!BITSFR3              0      0       0       4        0.0%
   860                           ;!SFR3                 0      0       0       4        0.0%
   861                           ;!BANK0               50      0       0       5        0.0%
   862                           ;!BITSFR2              0      0       0       5        0.0%
   863                           ;!SFR2                 0      0       0       5        0.0%
   864                           ;!BITBANK1            50      0       0       6        0.0%
   865                           ;!BANK1               50      0       0       7        0.0%
   866                           ;!BITBANK3            60      0       0       8        0.0%
   867                           ;!BANK3               60      0       0       9        0.0%
   868                           ;!BITBANK2            60      0       0      10        0.0%
   869                           ;!BANK2               60      0       0      11        0.0%
   870                           ;!DATA                 0      0       0      12        0.0%
   871                           
   872                           	global	_main
   873                           
   874 ;; *************** function _main *****************
   875 ;; Defined at:
   876 ;;		line 13 in file "main.c"
   877 ;; Parameters:    Size  Location     Type
   878 ;;		None
   879 ;; Auto vars:     Size  Location     Type
   880 ;;		None
   881 ;; Return value:  Size  Location     Type
   882 ;;                  2   12[None  ] int 
   883 ;; Registers used:
   884 ;;		wreg, status,2, status,0, pclath, cstack
   885 ;; Tracked objects:
   886 ;;		On entry : B00/0
   887 ;;		On exit  : 0/0
   888 ;;		Unchanged: 0/0
   889 ;; Data sizes:     COMMON   BANK0   BANK1   BANK3   BANK2
   890 ;;      Params:         0       0       0       0       0
   891 ;;      Locals:         0       0       0       0       0
   892 ;;      Temps:          0       0       0       0       0
   893 ;;      Totals:         0       0       0       0       0
   894 ;;Total ram usage:        0 bytes
   895 ;; Hardware stack levels required when called:    1
   896 ;; This function calls:
   897 ;;		_delay
   898 ;;		_desligarLED
   899 ;;		_initLED
   900 ;;		_ligarLED
   901 ;; This function is called by:
   902 ;;		Startup code after reset
   903 ;; This function uses a non-reentrant model
   904 ;;
   905                           psect	maintext,global,class=CODE,delta=2,split=1,group=0
   906                           	file	"main.c"
   907                           	line	13
   908                           global __pmaintext
   909                           __pmaintext:	;psect for function _main
   910  07D6                     psect	maintext
   911                           	file	"main.c"
   912                           	line	13
   913                           	global	__size_of_main
   914                           	__size_of_main	equ	__end_of_main-_main
   915  0026                     	
   916                           _main:	
   917  07D6                     ;incstack = 0
   918                           	opt	stack 7
   919                           ; Regs used in _main: [wreg+status,2+status,0+pclath+cstack]
   920                           	line	15
   921                           	
   922                           l641:	
   923  07D6                     ;main.c: 15:     initLED();
   924                           	fcall	_initLED
   925  07D6  120A  118A  27B8  120A  118A  	line	17
   926                           ;main.c: 17:     while(1)
   927                           	
   928                           l13:	
   929  07DB                     	line	19
   930                           ;main.c: 18:     {;main.c: 19:         ligarLED();
   931                           	fcall	_ligarLED
   932  07DB  120A  118A  27B4  120A  118A  	line	20
   933                           	
   934                           l643:	
   935  07E0                     ;main.c: 20:         delay(2000);
   936                           	movlw	0D0h
   937  07E0  30D0               	movwf	(delay@t)
   938  07E1  00F0               	movlw	07h
   939  07E2  3007               	movwf	((delay@t))+1
   940  07E3  00F1               	fcall	_delay
   941  07E4  120A  118A  27BF  120A  118A  	line	21
   942                           	
   943                           l645:	
   944  07E9                     ;main.c: 21:         desligarLED();
   945                           	fcall	_desligarLED
   946  07E9  120A  118A  27B0  120A  118A  	line	22
   947                           ;main.c: 22:         delay(1000);
   948                           	movlw	0E8h
   949  07EE  30E8               	movwf	(delay@t)
   950  07EF  00F0               	movlw	03h
   951  07F0  3003               	movwf	((delay@t))+1
   952  07F1  00F1               	fcall	_delay
   953  07F2  120A  118A  27BF  120A  118A  	goto	l13
   954  07F7  2FDB               	line	24
   955                           ;main.c: 24:     }
   956                           	
   957                           l14:	
   958  07F8                     	goto	l13
   959  07F8  2FDB               	
   960                           l15:	
   961  07F9                     	line	26
   962                           	
   963                           l16:	
   964  07F9                     	global	start
   965                           	ljmp	start
   966  07F9  120A  118A  2800   	opt stack 0
   967                           GLOBAL	__end_of_main
   968                           	__end_of_main:
   969  07FC                     	signat	_main,90
   970                           	global	_ligarLED
   971                           
   972 ;; *************** function _ligarLED *****************
   973 ;; Defined at:
   974 ;;		line 17 in file "leds.c"
   975 ;; Parameters:    Size  Location     Type
   976 ;;		None
   977 ;; Auto vars:     Size  Location     Type
   978 ;;		None
   979 ;; Return value:  Size  Location     Type
   980 ;;                  1    wreg      void 
   981 ;; Registers used:
   982 ;;		None
   983 ;; Tracked objects:
   984 ;;		On entry : 0/0
   985 ;;		On exit  : 0/0
   986 ;;		Unchanged: 0/0
   987 ;; Data sizes:     COMMON   BANK0   BANK1   BANK3   BANK2
   988 ;;      Params:         0       0       0       0       0
   989 ;;      Locals:         0       0       0       0       0
   990 ;;      Temps:          0       0       0       0       0
   991 ;;      Totals:         0       0       0       0       0
   992 ;;Total ram usage:        0 bytes
   993 ;; Hardware stack levels used:    1
   994 ;; This function calls:
   995 ;;		Nothing
   996 ;; This function is called by:
   997 ;;		_main
   998 ;; This function uses a non-reentrant model
   999 ;;
  1000                           psect	text1,local,class=CODE,delta=2,merge=1,group=0
  1001                           	file	"leds.c"
  1002                           	line	17
  1003                           global __ptext1
  1004                           __ptext1:	;psect for function _ligarLED
  1005  07B4                     psect	text1
  1006                           	file	"leds.c"
  1007                           	line	17
  1008                           	global	__size_of_ligarLED
  1009                           	__size_of_ligarLED	equ	__end_of_ligarLED-_ligarLED
  1010  0004                     	
  1011                           _ligarLED:	
  1012  07B4                     ;incstack = 0
  1013                           	opt	stack 7
  1014                           ; Regs used in _ligarLED: []
  1015                           	line	19
  1016                           	
  1017                           l615:	
  1018  07B4                     ;leds.c: 19:     PORTDbits.RD6 = 1;
  1019                           	bcf	status, 5	;RP0=0, select bank0
  1020  07B4  1283               	bcf	status, 6	;RP1=0, select bank0
  1021  07B5  1303               	bsf	(8),6	;volatile
  1022  07B6  1708               	line	20
  1023                           	
  1024                           l34:	
  1025  07B7                     	return
  1026  07B7  0008               	opt stack 0
  1027                           GLOBAL	__end_of_ligarLED
  1028                           	__end_of_ligarLED:
  1029  07B8                     	signat	_ligarLED,89
  1030                           	global	_initLED
  1031                           
  1032 ;; *************** function _initLED *****************
  1033 ;; Defined at:
  1034 ;;		line 12 in file "leds.c"
  1035 ;; Parameters:    Size  Location     Type
  1036 ;;		None
  1037 ;; Auto vars:     Size  Location     Type
  1038 ;;		None
  1039 ;; Return value:  Size  Location     Type
  1040 ;;                  1    wreg      void 
  1041 ;; Registers used:
  1042 ;;		None
  1043 ;; Tracked objects:
  1044 ;;		On entry : 0/0
  1045 ;;		On exit  : 0/0
  1046 ;;		Unchanged: 0/0
  1047 ;; Data sizes:     COMMON   BANK0   BANK1   BANK3   BANK2
  1048 ;;      Params:         0       0       0       0       0
  1049 ;;      Locals:         0       0       0       0       0
  1050 ;;      Temps:          0       0       0       0       0
  1051 ;;      Totals:         0       0       0       0       0
  1052 ;;Total ram usage:        0 bytes
  1053 ;; Hardware stack levels used:    1
  1054 ;; This function calls:
  1055 ;;		Nothing
  1056 ;; This function is called by:
  1057 ;;		_main
  1058 ;; This function uses a non-reentrant model
  1059 ;;
  1060                           psect	text2,local,class=CODE,delta=2,merge=1,group=0
  1061                           	line	12
  1062                           global __ptext2
  1063                           __ptext2:	;psect for function _initLED
  1064  07B8                     psect	text2
  1065                           	file	"leds.c"
  1066                           	line	12
  1067                           	global	__size_of_initLED
  1068                           	__size_of_initLED	equ	__end_of_initLED-_initLED
  1069  0007                     	
  1070                           _initLED:	
  1071  07B8                     ;incstack = 0
  1072                           	opt	stack 7
  1073                           ; Regs used in _initLED: []
  1074                           	line	14
  1075                           	
  1076                           l613:	
  1077  07B8                     ;leds.c: 14:     PORTDbits.RD6 = 0;
  1078                           	bcf	status, 5	;RP0=0, select bank0
  1079  07B8  1283               	bcf	status, 6	;RP1=0, select bank0
  1080  07B9  1303               	bcf	(8),6	;volatile
  1081  07BA  1308               	line	15
  1082                           ;leds.c: 15:     TRISDbits.TRISD6 = 0;
  1083                           	bsf	status, 5	;RP0=1, select bank1
  1084  07BB  1683               	bcf	status, 6	;RP1=0, select bank1
  1085  07BC  1303               	bcf	(136)^080h,6	;volatile
  1086  07BD  1308               	line	16
  1087                           	
  1088                           l31:	
  1089  07BE                     	return
  1090  07BE  0008               	opt stack 0
  1091                           GLOBAL	__end_of_initLED
  1092                           	__end_of_initLED:
  1093  07BF                     	signat	_initLED,89
  1094                           	global	_desligarLED
  1095                           
  1096 ;; *************** function _desligarLED *****************
  1097 ;; Defined at:
  1098 ;;		line 22 in file "leds.c"
  1099 ;; Parameters:    Size  Location     Type
  1100 ;;		None
  1101 ;; Auto vars:     Size  Location     Type
  1102 ;;		None
  1103 ;; Return value:  Size  Location     Type
  1104 ;;                  1    wreg      void 
  1105 ;; Registers used:
  1106 ;;		None
  1107 ;; Tracked objects:
  1108 ;;		On entry : 0/0
  1109 ;;		On exit  : 0/0
  1110 ;;		Unchanged: 0/0
  1111 ;; Data sizes:     COMMON   BANK0   BANK1   BANK3   BANK2
  1112 ;;      Params:         0       0       0       0       0
  1113 ;;      Locals:         0       0       0       0       0
  1114 ;;      Temps:          0       0       0       0       0
  1115 ;;      Totals:         0       0       0       0       0
  1116 ;;Total ram usage:        0 bytes
  1117 ;; Hardware stack levels used:    1
  1118 ;; This function calls:
  1119 ;;		Nothing
  1120 ;; This function is called by:
  1121 ;;		_main
  1122 ;; This function uses a non-reentrant model
  1123 ;;
  1124                           psect	text3,local,class=CODE,delta=2,merge=1,group=0
  1125                           	line	22
  1126                           global __ptext3
  1127                           __ptext3:	;psect for function _desligarLED
  1128  07B0                     psect	text3
  1129                           	file	"leds.c"
  1130                           	line	22
  1131                           	global	__size_of_desligarLED
  1132                           	__size_of_desligarLED	equ	__end_of_desligarLED-_desligarLED
  1133  0004                     	
  1134                           _desligarLED:	
  1135  07B0                     ;incstack = 0
  1136                           	opt	stack 7
  1137                           ; Regs used in _desligarLED: []
  1138                           	line	24
  1139                           	
  1140                           l623:	
  1141  07B0                     ;leds.c: 24:     PORTDbits.RD6 = 0;
  1142                           	bcf	status, 5	;RP0=0, select bank0
  1143  07B0  1283               	bcf	status, 6	;RP1=0, select bank0
  1144  07B1  1303               	bcf	(8),6	;volatile
  1145  07B2  1308               	line	25
  1146                           	
  1147                           l37:	
  1148  07B3                     	return
  1149  07B3  0008               	opt stack 0
  1150                           GLOBAL	__end_of_desligarLED
  1151                           	__end_of_desligarLED:
  1152  07B4                     	signat	_desligarLED,89
  1153                           	global	_delay
  1154                           
  1155 ;; *************** function _delay *****************
  1156 ;; Defined at:
  1157 ;;		line 12 in file "delay.c"
  1158 ;; Parameters:    Size  Location     Type
  1159 ;;  t               2    0[COMMON] unsigned int 
  1160 ;; Auto vars:     Size  Location     Type
  1161 ;;		None
  1162 ;; Return value:  Size  Location     Type
  1163 ;;                  1    wreg      void 
  1164 ;; Registers used:
  1165 ;;		wreg, status,2, status,0
  1166 ;; Tracked objects:
  1167 ;;		On entry : 0/0
  1168 ;;		On exit  : 0/0
  1169 ;;		Unchanged: 0/0
  1170 ;; Data sizes:     COMMON   BANK0   BANK1   BANK3   BANK2
  1171 ;;      Params:         2       0       0       0       0
  1172 ;;      Locals:         0       0       0       0       0
  1173 ;;      Temps:          1       0       0       0       0
  1174 ;;      Totals:         3       0       0       0       0
  1175 ;;Total ram usage:        3 bytes
  1176 ;; Hardware stack levels used:    1
  1177 ;; This function calls:
  1178 ;;		Nothing
  1179 ;; This function is called by:
  1180 ;;		_main
  1181 ;; This function uses a non-reentrant model
  1182 ;;
  1183                           psect	text4,local,class=CODE,delta=2,merge=1,group=0
  1184                           	file	"delay.c"
  1185                           	line	12
  1186                           global __ptext4
  1187                           __ptext4:	;psect for function _delay
  1188  07BF                     psect	text4
  1189                           	file	"delay.c"
  1190                           	line	12
  1191                           	global	__size_of_delay
  1192                           	__size_of_delay	equ	__end_of_delay-_delay
  1193  0017                     	
  1194                           _delay:	
  1195  07BF                     ;incstack = 0
  1196                           	opt	stack 7
  1197                           ; Regs used in _delay: [wreg+status,2+status,0]
  1198                           	line	14
  1199                           	
  1200                           l635:	
  1201  07BF                     ;delay.c: 12: void delay(unsigned int t);delay.c: 13: {;delay.c: 14:     while( t!=0 )
  1202                           	goto	l639
  1203  07BF  2FCE               	
  1204                           l22:	
  1205  07C0                     	line	16
  1206                           	
  1207                           l637:	
  1208  07C0                     ;delay.c: 15:     {;delay.c: 16:         _delay((unsigned long)((1)*(4000000/4000.0)));

  1209                           	opt asmopt_push
  1210                           opt asmopt_off
  1211                           	movlw	199
  1212  07C0  30C7               movwf	((??_delay+0)+0),f
  1213  07C1  00F2               	u37:
  1214  07C2                     	nop2
  1215  07C2  2FC3               decfsz	(??_delay+0)+0,f
  1216  07C3  0BF2               	goto	u37
  1217  07C4  2FC2               	nop2
  1218  07C5  2FC6               	nop2
  1219  07C6  2FC7               opt asmopt_pop
  1220                           
  1221                           	line	18
  1222                           ;delay.c: 18:         t--;
  1223                           	movlw	01h
  1224  07C7  3001               	subwf	(delay@t),f
  1225  07C8  02F0               	movlw	0
  1226  07C9  3000               	skipc
  1227  07CA  1C03               	decf	(delay@t+1),f
  1228  07CB  03F1               	subwf	(delay@t+1),f
  1229  07CC  02F1               	goto	l639
  1230  07CD  2FCE               	line	19
  1231                           ;delay.c: 19:     }
  1232                           	
  1233                           l21:	
  1234  07CE                     	line	14
  1235                           	
  1236                           l639:	
  1237  07CE                     ;delay.c: 14:     while( t!=0 )
  1238                           	movf	((delay@t)),w
  1239  07CE  0870               iorwf	((delay@t+1)),w
  1240  07CF  0471               	btfss	status,2
  1241  07D0  1D03               	goto	u21
  1242  07D1  2FD3               	goto	u20
  1243  07D2  2FD4               u21:
  1244  07D3                     	goto	l637
  1245  07D3  2FC0               u20:
  1246  07D4                     	goto	l24
  1247  07D4  2FD5               	
  1248                           l23:	
  1249  07D5                     	line	21
  1250                           	
  1251                           l24:	
  1252  07D5                     	return
  1253  07D5  0008               	opt stack 0
  1254                           GLOBAL	__end_of_delay
  1255                           	__end_of_delay:
  1256  07D6                     	signat	_delay,4217
  1257                           global	___latbits
  1258                           ___latbits	equ	2
  1259  0002                     	global	btemp
  1260                           	btemp set 07Eh
  1261  007E                     
  1262                           	DABS	1,126,2	;btemp
  1263                           	global	wtemp0
  1264                           	wtemp0 set btemp+0
  1265  007E                     	end


Data Sizes:
    Strings     0
    Constant    0
    Data        0
    BSS         0
    Persistent  0
    Stack       0

Auto Spaces:
    Space          Size  Autos    Used
    COMMON           14      3       3
    BANK0            80      0       0
    BANK1            80      0       0
    BANK3            96      0       0
    BANK2            96      0       0

Pointer List with Targets:

    None.

Critical Paths under _main in COMMON

    _main->_delay

Critical Paths under _main in BANK0

    None.

Critical Paths under _main in BANK1

    None.

Critical Paths under _main in BANK3

    None.

Critical Paths under _main in BANK2

    None.

Call Graph Tables:

 ---------------------------------------------------------------------------------
 (Depth) Function   	        Calls       Base Space   Used Autos Params    Refs
 ---------------------------------------------------------------------------------
 (0) _main                                                 0     0      0     175
                              _delay
                        _desligarLED
                            _initLED
                           _ligarLED
 ---------------------------------------------------------------------------------
 (1) _ligarLED                                             0     0      0       0
 ---------------------------------------------------------------------------------
 (1) _initLED                                              0     0      0       0
 ---------------------------------------------------------------------------------
 (1) _desligarLED                                          0     0      0       0
 ---------------------------------------------------------------------------------
 (1) _delay                                                3     1      2     175
                                              0 COMMON     3     1      2
 ---------------------------------------------------------------------------------
 Estimated maximum stack depth 1
 ---------------------------------------------------------------------------------

 Call Graph Graphs:

 _main (ROOT)
   _delay
   _desligarLED
   _initLED
   _ligarLED

 Address spaces:
Name               Size   Autos  Total    Cost      Usage
BITCOMMON            E      0       0       0        0.0%
EEDATA             100      0       0       0        0.0%
NULL                 0      0       0       0        0.0%
CODE                 0      0       0       0        0.0%
COMMON               E      3       3       1       21.4%
BITSFR0              0      0       0       1        0.0%
SFR0                 0      0       0       1        0.0%
BITSFR1              0      0       0       2        0.0%
SFR1                 0      0       0       2        0.0%
STACK                0      0       0       2        0.0%
ABS                  0      0       0       3        0.0%
BITBANK0            50      0       0       4        0.0%
BITSFR3              0      0       0       4        0.0%
SFR3                 0      0       0       4        0.0%
BANK0               50      0       0       5        0.0%
BITSFR2              0      0       0       5        0.0%
SFR2                 0      0       0       5        0.0%
BITBANK1            50      0       0       6        0.0%
BANK1               50      0       0       7        0.0%
BITBANK3            60      0       0       8        0.0%
BANK3               60      0       0       9        0.0%
BITBANK2            60      0       0      10        0.0%
BANK2               60      0       0      11        0.0%
DATA                 0      0       0      12        0.0%


Microchip Technology PIC Macro Assembler V2.00 build -1524193055 
Symbol Table                                                                                   Mon Mar 16 09:00:27 2020

                      l21 07CE                        l13 07DB                        l22 07C0  
                      l14 07F8                        l23 07D5                        l31 07BE  
                      l15 07F9                        l24 07D5                        l16 07F9  
                      l34 07B7                        l37 07B3                        u20 07D4  
                      u21 07D3                        u37 07C2                       l613 07B8  
                     l623 07B0                       l615 07B4                       l641 07D6  
                     l635 07BF                       l643 07E0                       l637 07C0  
                     l645 07E9                       l639 07CE              __CFG_LVP$OFF 0000  
                    _main 07D6                      btemp 007E                      start 0000  
                   ?_main 0070             __CFG_WDTE$OFF 0000           __end_of_initLED 07BF  
                   _delay 07BF                     status 0003                     wtemp0 007E  
          __CFG_MCLRE$OFF 0000           __initialization 07FC              __end_of_main 07FC  
                  ??_main 0073                    ?_delay 0070      __size_of_desligarLED 0004  
        __end_of_ligarLED 07B8                    delay@t 0070                 ??_initLED 0070  
 __end_of__initialization 07FC            __pcstackCOMMON 0070             __end_of_delay 07D6  
                 ??_delay 0072                __pmaintext 07D6                 ?_ligarLED 0070  
                 __ptext1 07B4                   __ptext2 07B8                   __ptext3 07B0  
                 __ptext4 07BF                   _initLED 07B8      end_of_initialization 07FC  
              ??_ligarLED 0070                 _PORTDbits 0008             ??_desligarLED 0070  
               _TRISDbits 0088       start_initialization 07FC       __end_of_desligarLED 07B4  
__CFG_FOSC$INTRC_NOCLKOUT 0000                 ___latbits 0002         __size_of_ligarLED 0004  
                ?_initLED 0070               _desligarLED 07B0            __size_of_delay 0017  
        __size_of_initLED 0007                  _ligarLED 07B4             __size_of_main 0026  
            ?_desligarLED 0070  
